running egg_info
writing ../../build/maze_bot/maze_bot.egg-info/PKG-INFO
writing dependency_links to ../../build/maze_bot/maze_bot.egg-info/dependency_links.txt
writing entry points to ../../build/maze_bot/maze_bot.egg-info/entry_points.txt
writing requirements to ../../build/maze_bot/maze_bot.egg-info/requires.txt
writing top-level names to ../../build/maze_bot/maze_bot.egg-info/top_level.txt
reading manifest file '../../build/maze_bot/maze_bot.egg-info/SOURCES.txt'
writing manifest file '../../build/maze_bot/maze_bot.egg-info/SOURCES.txt'
running build
running build_py
copying maze_bot/listener.py -> /home/niran/Niran/mazeBot/path_planning_ws/build/maze_bot/build/lib/maze_bot
copying maze_bot/talker.py -> /home/niran/Niran/mazeBot/path_planning_ws/build/maze_bot/build/lib/maze_bot
running install
/usr/lib/python3/dist-packages/setuptools/command/install.py:34: SetuptoolsDeprecationWarning: setup.py install is deprecated. Use build and pip and other standards-based tools.
  warnings.warn(
running install_lib
copying /home/niran/Niran/mazeBot/path_planning_ws/build/maze_bot/build/lib/maze_bot/listener.py -> /home/niran/Niran/mazeBot/path_planning_ws/install/maze_bot/lib/python3.10/site-packages/maze_bot
copying /home/niran/Niran/mazeBot/path_planning_ws/build/maze_bot/build/lib/maze_bot/talker.py -> /home/niran/Niran/mazeBot/path_planning_ws/install/maze_bot/lib/python3.10/site-packages/maze_bot
byte-compiling /home/niran/Niran/mazeBot/path_planning_ws/install/maze_bot/lib/python3.10/site-packages/maze_bot/listener.py to listener.cpython-310.pyc
byte-compiling /home/niran/Niran/mazeBot/path_planning_ws/install/maze_bot/lib/python3.10/site-packages/maze_bot/talker.py to talker.cpython-310.pyc
running install_data
running install_egg_info
removing '/home/niran/Niran/mazeBot/path_planning_ws/install/maze_bot/lib/python3.10/site-packages/maze_bot-0.0.0-py3.10.egg-info' (and everything under it)
Copying ../../build/maze_bot/maze_bot.egg-info to /home/niran/Niran/mazeBot/path_planning_ws/install/maze_bot/lib/python3.10/site-packages/maze_bot-0.0.0-py3.10.egg-info
running install_scripts
Installing talker_node = maze_bot.talker:mainsubscriber_node script to /home/niran/Niran/mazeBot/path_planning_ws/install/maze_bot/lib/maze_bot
writing list of installed files to '/home/niran/Niran/mazeBot/path_planning_ws/build/maze_bot/install.log'
