[0.640s] Invoking command in '/home/niran/Niran/mazeBot/path_planning_ws/src/maze_bot': PYTHONPATH=/home/niran/Niran/mazeBot/path_planning_ws/build/maze_bot/prefix_override:/home/niran/Niran/mazeBot/path_planning_ws/install/maze_bot/lib/python3.10/site-packages:${PYTHONPATH} /usr/bin/python3 setup.py egg_info --egg-base ../../build/maze_bot build --build-base /home/niran/Niran/mazeBot/path_planning_ws/build/maze_bot/build install --record /home/niran/Niran/mazeBot/path_planning_ws/build/maze_bot/install.log --single-version-externally-managed
[0.870s] running egg_info
[0.870s] writing ../../build/maze_bot/maze_bot.egg-info/PKG-INFO
[0.870s] writing dependency_links to ../../build/maze_bot/maze_bot.egg-info/dependency_links.txt
[0.871s] writing entry points to ../../build/maze_bot/maze_bot.egg-info/entry_points.txt
[0.871s] writing requirements to ../../build/maze_bot/maze_bot.egg-info/requires.txt
[0.871s] writing top-level names to ../../build/maze_bot/maze_bot.egg-info/top_level.txt
[0.872s] reading manifest file '../../build/maze_bot/maze_bot.egg-info/SOURCES.txt'
[0.873s] writing manifest file '../../build/maze_bot/maze_bot.egg-info/SOURCES.txt'
[0.873s] running build
[0.873s] running build_py
[0.874s] running install
[0.874s] /usr/lib/python3/dist-packages/setuptools/command/install.py:34: SetuptoolsDeprecationWarning: setup.py install is deprecated. Use build and pip and other standards-based tools.
[0.874s]   warnings.warn(
[0.874s] running install_lib
[0.875s] running install_data
[0.875s] creating /home/niran/Niran/mazeBot/path_planning_ws/install/maze_bot/share/maze_bot/launch
[0.875s] copying launch/rviz.launch.py -> /home/niran/Niran/mazeBot/path_planning_ws/install/maze_bot/share/maze_bot/launch
[0.875s] running install_egg_info
[0.877s] removing '/home/niran/Niran/mazeBot/path_planning_ws/install/maze_bot/lib/python3.10/site-packages/maze_bot-0.0.0-py3.10.egg-info' (and everything under it)
[0.878s] Copying ../../build/maze_bot/maze_bot.egg-info to /home/niran/Niran/mazeBot/path_planning_ws/install/maze_bot/lib/python3.10/site-packages/maze_bot-0.0.0-py3.10.egg-info
[0.878s] running install_scripts
[0.896s] Installing talker_node = maze_bot.talker:mainsubscriber_node script to /home/niran/Niran/mazeBot/path_planning_ws/install/maze_bot/lib/maze_bot
[0.897s] writing list of installed files to '/home/niran/Niran/mazeBot/path_planning_ws/build/maze_bot/install.log'
[0.940s] Invoked command in '/home/niran/Niran/mazeBot/path_planning_ws/src/maze_bot' returned '0': PYTHONPATH=/home/niran/Niran/mazeBot/path_planning_ws/build/maze_bot/prefix_override:/home/niran/Niran/mazeBot/path_planning_ws/install/maze_bot/lib/python3.10/site-packages:${PYTHONPATH} /usr/bin/python3 setup.py egg_info --egg-base ../../build/maze_bot build --build-base /home/niran/Niran/mazeBot/path_planning_ws/build/maze_bot/build install --record /home/niran/Niran/mazeBot/path_planning_ws/build/maze_bot/install.log --single-version-externally-managed
