running egg_info
writing ../../build/maze_bot/maze_bot.egg-info/PKG-INFO
writing dependency_links to ../../build/maze_bot/maze_bot.egg-info/dependency_links.txt
writing entry points to ../../build/maze_bot/maze_bot.egg-info/entry_points.txt
writing requirements to ../../build/maze_bot/maze_bot.egg-info/requires.txt
writing top-level names to ../../build/maze_bot/maze_bot.egg-info/top_level.txt
reading manifest file '../../build/maze_bot/maze_bot.egg-info/SOURCES.txt'
writing manifest file '../../build/maze_bot/maze_bot.egg-info/SOURCES.txt'
running build
running build_py
running install
running install_lib
running install_data
creating /home/niran/Niran/mazeBot/path_planning_ws/install/maze_bot/share/maze_bot/urdf
copying urdf/maze_bot.urdf -> /home/niran/Niran/mazeBot/path_planning_ws/install/maze_bot/share/maze_bot/urdf
creating /home/niran/Niran/mazeBot/path_planning_ws/install/maze_bot/share/maze_bot/meshes
copying meshes/maze_bot.stl -> /home/niran/Niran/mazeBot/path_planning_ws/install/maze_bot/share/maze_bot/meshes
copying meshes/wheel.stl -> /home/niran/Niran/mazeBot/path_planning_ws/install/maze_bot/share/maze_bot/meshes
running install_egg_info
removing '/home/niran/Niran/mazeBot/path_planning_ws/install/maze_bot/lib/python3.10/site-packages/maze_bot-0.0.0-py3.10.egg-info' (and everything under it)
Copying ../../build/maze_bot/maze_bot.egg-info to /home/niran/Niran/mazeBot/path_planning_ws/install/maze_bot/lib/python3.10/site-packages/maze_bot-0.0.0-py3.10.egg-info
running install_scripts
writing list of installed files to '/home/niran/Niran/mazeBot/path_planning_ws/build/maze_bot/install.log'
